11.4.2024, 11:25:01 - INFO - server.js loaded...
11.4.2024, 11:25:01 - INFO - Server is running on port: 3030
11.4.2024, 11:29:53 - INFO - server.js loaded...
11.4.2024, 11:29:53 - INFO - Server is running on port: 3030
11.4.2024, 12:23:54 - INFO - server.js loaded...
11.4.2024, 12:23:54 - INFO - Server is running on port: 3030
11.4.2024, 12:26:36 - INFO - Req was made | /
11.4.2024, 12:26:36 - ERROR - Failed to get stays | TypeError: Cannot read properties of undefined (reading 'filterBy')
11.4.2024, 12:26:43 - INFO - Req was made | /
11.4.2024, 12:26:43 - ERROR - Failed to get stays | TypeError: Cannot read properties of undefined (reading 'filterBy')
11.4.2024, 12:27:17 - INFO - Req was made | /
11.4.2024, 12:27:17 - ERROR - Failed to get stays | TypeError: Cannot read properties of undefined (reading 'filterBy')
11.4.2024, 12:28:30 - INFO - server.js loaded...
11.4.2024, 12:28:30 - INFO - Server is running on port: 3030
11.4.2024, 12:28:32 - INFO - Req was made | /
11.4.2024, 12:28:32 - ERROR - Failed to get stays | TypeError: Cannot read properties of undefined (reading 'filterBy')
11.4.2024, 12:28:53 - INFO - server.js loaded...
11.4.2024, 12:28:53 - INFO - Server is running on port: 3030
11.4.2024, 12:28:57 - INFO - server.js loaded...
11.4.2024, 12:28:57 - INFO - Server is running on port: 3030
11.4.2024, 12:29:01 - INFO - server.js loaded...
11.4.2024, 12:29:01 - INFO - Server is running on port: 3030
11.4.2024, 12:29:03 - INFO - Req was made | /
11.4.2024, 12:29:03 - ERROR - cannot find stays | ReferenceError: staysToShow is not defined
11.4.2024, 12:29:03 - ERROR - Failed to get stays | ReferenceError: staysToShow is not defined
11.4.2024, 12:29:32 - INFO - server.js loaded...
11.4.2024, 12:29:32 - INFO - Server is running on port: 3030
11.4.2024, 12:29:34 - INFO - Req was made | /
11.4.2024, 12:29:34 - ERROR - cannot find stays | ReferenceError: collection is not defined
11.4.2024, 12:29:34 - ERROR - Failed to get stays | ReferenceError: collection is not defined
11.4.2024, 12:29:41 - INFO - server.js loaded...
11.4.2024, 12:29:41 - INFO - Server is running on port: 3030
11.4.2024, 12:29:46 - INFO - Req was made | /
11.4.2024, 12:29:46 - ERROR - Failed to get stays | ReferenceError: options is not defined
11.4.2024, 12:29:46 - ERROR - cannot find stays | ReferenceError: options is not defined
11.4.2024, 12:30:06 - INFO - server.js loaded...
11.4.2024, 12:30:06 - INFO - Server is running on port: 3030
11.4.2024, 12:30:09 - INFO - Req was made | /
11.4.2024, 12:30:09 - ERROR - cannot find stays | ReferenceError: options is not defined
11.4.2024, 12:30:09 - ERROR - Failed to get stays | ReferenceError: options is not defined
11.4.2024, 12:30:23 - INFO - server.js loaded...
11.4.2024, 12:30:23 - INFO - Server is running on port: 3030
11.4.2024, 12:30:25 - INFO - Req was made | /
11.4.2024, 12:48:23 - INFO - server.js loaded...
11.4.2024, 12:48:23 - INFO - Server is running on port: 3030
11.4.2024, 12:48:37 - INFO - server.js loaded...
11.4.2024, 12:48:37 - INFO - Server is running on port: 3030
11.4.2024, 12:51:59 - INFO - server.js loaded...
11.4.2024, 12:51:59 - INFO - Server is running on port: 3030
11.4.2024, 12:52:44 - INFO - server.js loaded...
11.4.2024, 12:52:44 - INFO - Server is running on port: 3030
11.4.2024, 12:52:53 - INFO - server.js loaded...
11.4.2024, 12:52:54 - INFO - Server is running on port: 3030
11.4.2024, 12:54:38 - DEBUG - auth.service - signup with username: yossi, fullname: yossi dahan
11.4.2024, 12:54:39 - DEBUG - auth.route - new account created: {"username":"yossi","password":"$2b$10$oHhS5lUlyOxfeOiwgeVMAuq7P7.JVbecFOOCepScGrjph0HTWxPJW","fullname":"yossi dahan","imgUrl":"https://a0.muscache.com/im/pictures/user/30283df3-5b0b-47bb-8f81-990bdf925fb6.jpg?aki_policy=profile_x_medium","_id":"6617b35f38a58f878eb8fecb"}
11.4.2024, 12:54:39 - DEBUG - auth.service - login with username: yossi
11.4.2024, 13:06:41 - INFO - server.js loaded...
11.4.2024, 13:06:41 - INFO - Server is running on port: 3030
11.4.2024, 13:06:56 - INFO - server.js loaded...
11.4.2024, 13:06:56 - INFO - Server is running on port: 3030
11.4.2024, 13:07:03 - ERROR - Failed to add stay | ReferenceError: userService is not defined
11.4.2024, 13:07:11 - INFO - server.js loaded...
11.4.2024, 13:07:11 - INFO - Server is running on port: 3030
11.4.2024, 13:07:32 - INFO - server.js loaded...
11.4.2024, 13:07:32 - INFO - Server is running on port: 3030
11.4.2024, 13:07:35 - ERROR - Failed to add stay | TypeError: Cannot read properties of undefined (reading '_id')
11.4.2024, 13:08:56 - INFO - server.js loaded...
11.4.2024, 13:08:56 - INFO - Server is running on port: 3030
11.4.2024, 13:09:16 - INFO - server.js loaded...
11.4.2024, 13:09:16 - INFO - Server is running on port: 3030
11.4.2024, 13:09:30 - INFO - server.js loaded...
11.4.2024, 13:09:30 - INFO - Server is running on port: 3030
11.4.2024, 13:09:39 - INFO - server.js loaded...
11.4.2024, 13:09:39 - INFO - Server is running on port: 3030
11.4.2024, 13:09:53 - INFO - server.js loaded...
11.4.2024, 13:09:53 - INFO - Server is running on port: 3030
11.4.2024, 13:10:10 - INFO - server.js loaded...
11.4.2024, 13:10:10 - INFO - Server is running on port: 3030
11.4.2024, 13:10:18 - INFO - server.js loaded...
11.4.2024, 13:10:18 - INFO - Server is running on port: 3030
11.4.2024, 13:11:07 - INFO - server.js loaded...
11.4.2024, 13:11:07 - INFO - Server is running on port: 3030
11.4.2024, 13:11:08 - ERROR - Failed to add stay | TypeError: Cannot read properties of undefined (reading '_id')
11.4.2024, 13:12:10 - INFO - server.js loaded...
11.4.2024, 13:12:10 - INFO - Server is running on port: 3030
11.4.2024, 13:12:12 - ERROR - Failed to add stay | TypeError: Cannot read properties of undefined (reading '_id')
11.4.2024, 13:12:35 - INFO - server.js loaded...
11.4.2024, 13:12:35 - INFO - Server is running on port: 3030
11.4.2024, 13:12:45 - INFO - server.js loaded...
11.4.2024, 13:12:45 - INFO - Server is running on port: 3030
11.4.2024, 13:12:52 - INFO - server.js loaded...
11.4.2024, 13:12:52 - INFO - Server is running on port: 3030
11.4.2024, 13:13:30 - INFO - server.js loaded...
11.4.2024, 13:13:30 - INFO - Server is running on port: 3030
11.4.2024, 13:15:43 - INFO - server.js loaded...
11.4.2024, 13:15:43 - INFO - Server is running on port: 3030
11.4.2024, 13:16:34 - INFO - server.js loaded...
11.4.2024, 13:16:34 - INFO - Server is running on port: 3030
11.4.2024, 13:17:42 - INFO - server.js loaded...
11.4.2024, 13:17:42 - INFO - Server is running on port: 3030
11.4.2024, 13:18:26 - INFO - server.js loaded...
11.4.2024, 13:18:26 - INFO - Server is running on port: 3030
11.4.2024, 13:18:31 - INFO - server.js loaded...
11.4.2024, 13:18:31 - INFO - Server is running on port: 3030
11.4.2024, 13:19:26 - INFO - server.js loaded...
11.4.2024, 13:19:26 - INFO - Server is running on port: 3030
11.4.2024, 13:20:52 - INFO - server.js loaded...
11.4.2024, 13:20:52 - INFO - Server is running on port: 3030
11.4.2024, 13:23:21 - INFO - server.js loaded...
11.4.2024, 13:23:21 - INFO - Server is running on port: 3030
11.4.2024, 13:25:27 - INFO - server.js loaded...
11.4.2024, 13:25:27 - INFO - Server is running on port: 3030
11.4.2024, 13:26:15 - INFO - server.js loaded...
11.4.2024, 13:26:15 - INFO - Server is running on port: 3030
11.4.2024, 13:39:54 - INFO - server.js loaded...
11.4.2024, 13:39:54 - INFO - Server is running on port: 3030
11.4.2024, 13:49:29 - INFO - server.js loaded...
11.4.2024, 13:49:29 - INFO - Server is running on port: 3030
11.4.2024, 13:50:50 - INFO - server.js loaded...
11.4.2024, 13:50:51 - INFO - Server is running on port: 3030
11.4.2024, 13:52:38 - INFO - server.js loaded...
11.4.2024, 13:52:38 - INFO - Server is running on port: 3030
11.4.2024, 13:53:04 - INFO - server.js loaded...
11.4.2024, 13:53:04 - INFO - Server is running on port: 3030
11.4.2024, 13:53:37 - INFO - server.js loaded...
11.4.2024, 13:53:37 - INFO - Server is running on port: 3030
11.4.2024, 13:54:04 - INFO - server.js loaded...
11.4.2024, 13:54:04 - INFO - Server is running on port: 3030
11.4.2024, 13:54:15 - INFO - server.js loaded...
11.4.2024, 13:54:15 - INFO - Server is running on port: 3030
11.4.2024, 13:54:46 - INFO - server.js loaded...
11.4.2024, 13:54:46 - INFO - Server is running on port: 3030
11.4.2024, 13:55:39 - DEBUG - auth.service - signup with username: isra, fullname: israel!!!
11.4.2024, 13:55:39 - DEBUG - auth.service - login with username: isra
11.4.2024, 13:55:39 - DEBUG - auth.route - new account created: {"username":"isra","password":"$2b$10$IOez4hQZkfQWq98Rh4kP.eKkLi4Go6pH0.uw4siU2Kbe5OI/.CW.2","fullname":"israel!!!","imgUrl":"https://a0.muscache.com/im/pictures/user/30283df3-5b0b-47bb-8f81-990bdf925fb6.jpg?aki_policy=profile_x_medium","_id":"6617c1ab7d9e4266634688a6"}
11.4.2024, 13:56:42 - INFO - server.js loaded...
11.4.2024, 13:56:42 - INFO - Server is running on port: 3030
11.4.2024, 13:59:58 - INFO - server.js loaded...
11.4.2024, 13:59:58 - INFO - Server is running on port: 3030
11.4.2024, 14:05:04 - INFO - server.js loaded...
11.4.2024, 14:05:04 - INFO - Server is running on port: 3030
11.4.2024, 14:05:29 - INFO - server.js loaded...
11.4.2024, 14:05:29 - INFO - Server is running on port: 3030
11.4.2024, 14:07:01 - INFO - server.js loaded...
11.4.2024, 14:07:02 - INFO - Server is running on port: 3030
11.4.2024, 14:07:35 - DEBUG - auth.service - signup with username: ben, fullname: ben ben
11.4.2024, 14:07:35 - DEBUG - auth.route - new account created: {"username":"ben","password":"$2b$10$JAJ4tzVnfJjzZBWWT2Tz7.2Ucl8.bkznev9MBgoeJ6n.wooauwkK2","fullname":"ben ben","imgUrl":"https://a0.muscache.com/im/pictures/user/30283df3-5b0b-47bb-8f81-990bdf925fb6.jpg?aki_policy=profile_x_medium","_id":"6617c477c9aaa58ba3c33da4"}
11.4.2024, 14:07:35 - DEBUG - auth.service - login with username: ben
11.4.2024, 14:10:02 - INFO - server.js loaded...
11.4.2024, 14:10:02 - INFO - Server is running on port: 3030
11.4.2024, 14:10:13 - INFO - server.js loaded...
11.4.2024, 14:10:13 - INFO - Server is running on port: 3030
11.4.2024, 14:15:49 - DEBUG - auth.service - login with username: yossi
11.4.2024, 14:15:49 - INFO - User login:  | {"_id":"6617b35f38a58f878eb8fecb","username":"yossi","fullname":"yossi dahan"}
11.4.2024, 14:16:43 - INFO - server.js loaded...
11.4.2024, 14:16:43 - INFO - Server is running on port: 3030
11.4.2024, 14:16:50 - DEBUG - auth.service - login with username: yossi
11.4.2024, 14:16:50 - INFO - User login:  | {"_id":"6617b35f38a58f878eb8fecb","username":"yossi","fullname":"yossi dahan"}
11.4.2024, 14:17:42 - DEBUG - auth.service - signup with username: haha, fullname: bob
11.4.2024, 14:17:42 - DEBUG - auth.route - new account created: {"username":"haha","password":"$2b$10$Oq1wZZTH2ogxfkmxuqJCZ.Fa.vZ.JtwFpFveXZoJbSeYj0lykU0ye","fullname":"bob","imgUrl":"https://a0.muscache.com/im/pictures/user/30283df3-5b0b-47bb-8f81-990bdf925fb6.jpg?aki_policy=profile_x_medium","_id":"6617c6d6155da08c0928e2e9"}
11.4.2024, 14:17:42 - DEBUG - auth.service - login with username: haha
11.4.2024, 14:18:17 - DEBUG - auth.service - login with username: haha
11.4.2024, 14:18:18 - INFO - User login:  | {"_id":"6617c6d6155da08c0928e2e9","username":"haha","fullname":"bob"}
11.4.2024, 14:19:41 - DEBUG - auth.service - login with username: bob
11.4.2024, 14:19:41 - ERROR - Failed to Login Error: Invalid username or password
11.4.2024, 14:20:52 - DEBUG - auth.service - login with username: bob
11.4.2024, 14:20:52 - ERROR - Failed to Login Error: Invalid username or password
11.4.2024, 14:20:58 - DEBUG - auth.service - login with username: bob
11.4.2024, 14:20:58 - ERROR - Failed to Login Error: Invalid username or password
11.4.2024, 14:21:07 - DEBUG - auth.service - login with username: bob
11.4.2024, 14:21:07 - ERROR - Failed to Login Error: Invalid username or password
11.4.2024, 14:21:40 - DEBUG - auth.service - login with username: bob
11.4.2024, 14:21:40 - ERROR - Failed to Login Error: Invalid username or password
11.4.2024, 14:22:30 - INFO - server.js loaded...
11.4.2024, 14:22:30 - INFO - Server is running on port: 3030
11.4.2024, 14:22:39 - INFO - server.js loaded...
11.4.2024, 14:22:39 - INFO - Server is running on port: 3030
11.4.2024, 14:23:24 - DEBUG - auth.service - login with username: bob
11.4.2024, 14:23:25 - ERROR - Failed to Login Error: Invalid username or password
11.4.2024, 14:23:43 - DEBUG - auth.service - login with username: yossi
11.4.2024, 14:23:44 - INFO - User login:  | {"_id":"6617b35f38a58f878eb8fecb","username":"yossi","fullname":"yossi dahan","imgUrl":"https://a0.muscache.com/im/pictures/user/30283df3-5b0b-47bb-8f81-990bdf925fb6.jpg?aki_policy=profile_x_medium"}
11.4.2024, 14:23:53 - DEBUG - auth.service - login with username: bob
11.4.2024, 14:23:53 - ERROR - Failed to Login Error: Invalid username or password
11.4.2024, 14:24:01 - DEBUG - auth.service - login with username: ben
11.4.2024, 14:24:01 - INFO - User login:  | {"_id":"6617c477c9aaa58ba3c33da4","username":"ben","fullname":"ben ben","imgUrl":"https://a0.muscache.com/im/pictures/user/30283df3-5b0b-47bb-8f81-990bdf925fb6.jpg?aki_policy=profile_x_medium"}
11.4.2024, 14:24:10 - DEBUG - auth.service - login with username: isra
11.4.2024, 14:24:10 - INFO - User login:  | {"_id":"6617c1ab7d9e4266634688a6","username":"isra","fullname":"israel!!!","imgUrl":"https://a0.muscache.com/im/pictures/user/30283df3-5b0b-47bb-8f81-990bdf925fb6.jpg?aki_policy=profile_x_medium"}
11.4.2024, 14:24:53 - INFO - server.js loaded...
11.4.2024, 14:24:53 - INFO - Server is running on port: 3030
11.4.2024, 14:45:44 - INFO - server.js loaded...
11.4.2024, 14:45:44 - INFO - Server is running on port: 3030
11.4.2024, 15:02:43 - INFO - server.js loaded...
11.4.2024, 15:02:43 - INFO - Server is running on port: 3030
11.4.2024, 15:03:10 - INFO - server.js loaded...
11.4.2024, 15:03:11 - INFO - Server is running on port: 3030
11.4.2024, 15:06:54 - INFO - server.js loaded...
11.4.2024, 15:06:54 - INFO - Server is running on port: 3030
11.4.2024, 15:08:08 - INFO - server.js loaded...
11.4.2024, 15:08:08 - INFO - Server is running on port: 3030
11.4.2024, 20:04:51 - INFO - server.js loaded...
11.4.2024, 20:04:51 - INFO - Server is running on port: 3030
12.4.2024, 11:53:06 - INFO - server.js loaded...
12.4.2024, 11:53:06 - INFO - Server is running on port: 3030
12.4.2024, 11:53:08 - INFO - Req was made | /
12.4.2024, 11:53:09 - ERROR - while finding stay s204 | BSONError: input must be a 24 character hex string, 12 byte Uint8Array, or an integer
12.4.2024, 11:53:09 - ERROR - Failed to get stay | BSONError: input must be a 24 character hex string, 12 byte Uint8Array, or an integer
12.4.2024, 11:53:27 - INFO - server.js loaded...
12.4.2024, 11:53:28 - INFO - Server is running on port: 3030
12.4.2024, 11:54:07 - INFO - Req was made | /
12.4.2024, 11:54:08 - INFO - Req was made | /
12.4.2024, 11:55:22 - INFO - server.js loaded...
12.4.2024, 11:55:22 - INFO - Server is running on port: 3030
12.4.2024, 11:55:38 - INFO - Req was made | /
12.4.2024, 11:55:37 - INFO - Req was made | /
12.4.2024, 11:55:41 - INFO - Req was made | /
12.4.2024, 11:55:41 - INFO - Req was made | /
12.4.2024, 11:59:57 - INFO - Req was made | /
12.4.2024, 11:59:57 - INFO - Req was made | /
12.4.2024, 12:01:04 - INFO - Req was made | /
12.4.2024, 12:01:04 - INFO - Req was made | /
12.4.2024, 12:01:58 - INFO - Req was made | /
12.4.2024, 12:01:58 - INFO - Req was made | /
12.4.2024, 12:43:16 - INFO - Req was made | /
12.4.2024, 12:43:16 - INFO - Req was made | /
12.4.2024, 14:12:45 - INFO - Req was made | /
12.4.2024, 14:12:45 - INFO - Req was made | /
12.4.2024, 14:15:02 - INFO - Req was made | /
12.4.2024, 14:15:02 - INFO - Req was made | /
12.4.2024, 14:16:48 - INFO - Req was made | /
12.4.2024, 14:16:48 - INFO - Req was made | /
12.4.2024, 14:17:17 - INFO - Req was made | /
12.4.2024, 14:17:17 - INFO - Req was made | /
12.4.2024, 14:17:30 - INFO - server.js loaded...
12.4.2024, 14:17:30 - INFO - Server is running on port: 3030
12.4.2024, 14:32:39 - INFO - Req was made | /
12.4.2024, 14:32:40 - INFO - Req was made | /
12.4.2024, 14:32:55 - INFO - Req was made | /
12.4.2024, 14:32:55 - INFO - Req was made | /
12.4.2024, 14:39:27 - INFO - Req was made | /
12.4.2024, 14:39:27 - INFO - Req was made | /
12.4.2024, 14:46:04 - INFO - Req was made | /
12.4.2024, 14:46:04 - INFO - Req was made | /
12.4.2024, 14:47:03 - INFO - Req was made | /
12.4.2024, 14:47:03 - INFO - Req was made | /
12.4.2024, 15:07:11 - INFO - Req was made | /
12.4.2024, 15:07:11 - INFO - Req was made | /
12.4.2024, 15:07:55 - INFO - Req was made | /
12.4.2024, 15:07:56 - INFO - Req was made | /
12.4.2024, 15:09:47 - INFO - Req was made | /
12.4.2024, 15:09:51 - INFO - Req was made | /
12.4.2024, 15:10:11 - INFO - Req was made | /
12.4.2024, 15:10:11 - INFO - Req was made | /
12.4.2024, 15:10:25 - INFO - Req was made | /
12.4.2024, 15:10:31 - INFO - Req was made | /
12.4.2024, 15:12:14 - INFO - Req was made | /
12.4.2024, 15:12:14 - INFO - Req was made | /
12.4.2024, 15:12:42 - INFO - Req was made | /
12.4.2024, 15:12:42 - INFO - Req was made | /
12.4.2024, 15:12:53 - INFO - Req was made | /
12.4.2024, 15:12:53 - INFO - Req was made | /
12.4.2024, 15:13:37 - INFO - Req was made | /
12.4.2024, 15:14:12 - INFO - Req was made | /
12.4.2024, 15:14:12 - INFO - Req was made | /
12.4.2024, 15:16:17 - INFO - Req was made | /
12.4.2024, 15:16:17 - INFO - Req was made | /
12.4.2024, 15:16:28 - INFO - Req was made | /
12.4.2024, 15:16:28 - INFO - Req was made | /
12.4.2024, 15:16:33 - INFO - Req was made | /
12.4.2024, 15:16:33 - INFO - Req was made | /
12.4.2024, 15:16:46 - INFO - Req was made | /
12.4.2024, 15:16:46 - INFO - Req was made | /
12.4.2024, 15:19:15 - INFO - Req was made | /
12.4.2024, 15:19:50 - INFO - Req was made | /
12.4.2024, 15:19:50 - INFO - Req was made | /
12.4.2024, 15:25:00 - INFO - Req was made | /
12.4.2024, 15:25:00 - INFO - Req was made | /
12.4.2024, 15:33:50 - INFO - Req was made | /
12.4.2024, 15:33:50 - INFO - Req was made | /
12.4.2024, 15:34:06 - DEBUG - auth.service - login with username: israel
12.4.2024, 15:34:06 - ERROR - Failed to Login Error: Invalid username or password
12.4.2024, 15:34:07 - INFO - Req was made | /
12.4.2024, 15:34:07 - INFO - Req was made | /
12.4.2024, 15:34:14 - INFO - Req was made | /
12.4.2024, 15:34:20 - DEBUG - auth.service - signup with username: israel, fullname: israel
12.4.2024, 15:34:20 - DEBUG - auth.route - new account created: {"username":"israel","password":"$2b$10$GYuRTECwrrEUmT5BF.2jjO6bU5.bM4wo/nnLuDIPXdDVAHtww182O","fullname":"israel","imgUrl":"https://cdn.pixabay.com/photo/2020/07/01/12/58/icon-5359553_1280.png","_id":"66192a4c164208ecbcfef05c"}
12.4.2024, 15:34:20 - DEBUG - auth.service - login with username: israel
12.4.2024, 15:52:21 - INFO - Req was made | /
12.4.2024, 15:52:21 - INFO - Req was made | /
12.4.2024, 15:52:53 - INFO - Req was made | /
12.4.2024, 15:52:53 - INFO - Req was made | /
12.4.2024, 16:00:55 - INFO - Req was made | /
12.4.2024, 16:00:55 - INFO - Req was made | /
12.4.2024, 16:17:22 - INFO - Req was made | /
12.4.2024, 16:24:35 - INFO - Req was made | /
12.4.2024, 16:24:48 - INFO - Req was made | /
12.4.2024, 16:24:54 - INFO - Req was made | /
12.4.2024, 16:24:55 - INFO - Req was made | /
12.4.2024, 16:25:42 - INFO - Req was made | /
12.4.2024, 16:25:49 - INFO - Req was made | /
12.4.2024, 16:25:49 - INFO - Req was made | /
12.4.2024, 16:26:38 - INFO - Req was made | /
12.4.2024, 16:26:38 - INFO - Req was made | /
12.4.2024, 16:28:47 - INFO - Req was made | /
12.4.2024, 16:31:14 - INFO - Req was made | /
12.4.2024, 16:31:14 - ERROR - cannot find orders | ReferenceError: orders is not defined
12.4.2024, 16:31:14 - ERROR - Cannot get orders | ReferenceError: orders is not defined
12.4.2024, 16:31:14 - INFO - Req was made | /
12.4.2024, 16:32:16 - INFO - Req was made | /
12.4.2024, 16:32:16 - ERROR - cannot find orders | ReferenceError: orders is not defined
12.4.2024, 16:32:16 - ERROR - Cannot get orders | ReferenceError: orders is not defined
12.4.2024, 16:32:18 - INFO - Req was made | /
12.4.2024, 16:32:18 - ERROR - cannot find orders | ReferenceError: orders is not defined
12.4.2024, 16:32:18 - ERROR - Cannot get orders | ReferenceError: orders is not defined
13.4.2024, 10:03:31 - INFO - Req was made | /
13.4.2024, 10:03:32 - INFO - Req was made | /
13.4.2024, 10:03:32 - ERROR - cannot find orders | ReferenceError: orders is not defined
13.4.2024, 10:03:32 - ERROR - Cannot get orders | ReferenceError: orders is not defined
13.4.2024, 10:04:21 - INFO - Req was made | /
13.4.2024, 10:04:21 - ERROR - cannot find orders | ReferenceError: orders is not defined
13.4.2024, 10:04:21 - ERROR - Cannot get orders | ReferenceError: orders is not defined
13.4.2024, 10:04:21 - INFO - Req was made | /
13.4.2024, 10:05:05 - INFO - Req was made | /
13.4.2024, 10:05:16 - INFO - Req was made | /
13.4.2024, 10:07:39 - INFO - Req was made | /
13.4.2024, 10:07:39 - ERROR - cannot find orders | ReferenceError: orders is not defined
13.4.2024, 10:07:39 - ERROR - Cannot get orders | ReferenceError: orders is not defined
13.4.2024, 10:07:44 - INFO - Req was made | /
13.4.2024, 10:07:44 - ERROR - cannot find orders | ReferenceError: orders is not defined
13.4.2024, 10:07:44 - ERROR - Cannot get orders | ReferenceError: orders is not defined
13.4.2024, 10:07:50 - INFO - Req was made | /
13.4.2024, 10:08:19 - INFO - server.js loaded...
13.4.2024, 10:08:19 - INFO - Server is running on port: 3030
13.4.2024, 10:11:19 - INFO - Req was made | /
13.4.2024, 10:11:23 - INFO - Req was made | /
13.4.2024, 10:11:23 - ERROR - cannot find orders | ReferenceError: orders is not defined
13.4.2024, 10:11:23 - ERROR - Cannot get orders | ReferenceError: orders is not defined
13.4.2024, 10:11:32 - INFO - Req was made | /
13.4.2024, 10:11:36 - INFO - Req was made | /
13.4.2024, 10:11:43 - INFO - Req was made | /
13.4.2024, 10:11:43 - ERROR - cannot find orders | ReferenceError: orders is not defined
13.4.2024, 10:11:43 - ERROR - Cannot get orders | ReferenceError: orders is not defined
13.4.2024, 10:11:47 - INFO - Req was made | /
13.4.2024, 10:12:01 - INFO - Req was made | /
13.4.2024, 10:12:01 - ERROR - cannot insert order | BSONError: Argument passed in does not match the accepted types
13.4.2024, 10:12:01 - ERROR - Failed to add order | BSONError: Argument passed in does not match the accepted types
13.4.2024, 10:12:10 - INFO - Req was made | /
